<?xml version="1.0" encoding="UTF-8"?>
<beans xmlns="http://www.springframework.org/schema/beans"
	xmlns:xsi="http://www.w3.org/2001/XMLSchema-instance"
	xsi:schemaLocation="http://www.springframework.org/schema/beans
	 					http://www.springframework.org/schema/beans/spring-beans.xsd">
 
	<import resource="app-context.xml"/>
  
    <bean id="testUtil" class="nit.soft.hdb.test.TestUtil">
    	<property name="jsonBaseAddress" value="classpath:baseAddress.json" />
    	<property name="jsonAddress" value="classpath:address.json" />    	
    </bean>

</beans>
